[Wed, 01 May 2013 18:18:40 GMT] INFO Server starting with config: {
  "environment": "development",
  "workers": 1,
  "port": 29765,
  "spdy": null,
  "ssl": null,
  "debug": true,
  "rotateWorkers": false,
  "rotationWindow": 7200000,
  "rotationTimeout": 300000,
  "logDir": "/home/ffullenk/desarrollo/edifacillanding/log",
  "gracefulShutdownTimeout": 30000,
  "heartbeatInterval": 5000,
  "heartbeatWindow": 20000,
  "staticFilePath": "/home/ffullenk/desarrollo/edifacillanding/public",
  "sessions": {
    "store": "memory",
    "key": "sid",
    "expiry": 1209600
  },
  "cookieSessionKey": "sdata",
  "metrics": null,
  "i18n": {
    "defaultLocale": "en-us",
    "loadPaths": [
      "/home/ffullenk/desarrollo/edifacillanding/config/locales"
    ]
  },
  "hostname": null,
  "fullHostname": null,
  "connectCompatibility": false,
  "detailedErrors": true,
  "socketIo": true,
  "realtime": true,
  "model": {
    "defaultAdapter": "memory"
  },
  "secret": "UYAjIMm76hf0L17gxUhNoLNBwnXIKKqBfbuOCzzEU1YVw5THF0bHlye8dZ3yQLjT1ZZjEjZQHNTDiTCMWz2h8xnGVb0Vr6n4lFdnDVndoIC1AkhyqSlrzwVG0xJkuhzk"
}
[Wed, 01 May 2013 18:18:40 GMT] INFO Creating 1 worker process.
[Wed, 01 May 2013 18:18:42 GMT] INFO Server worker running in development on port 29765 with a PID of: 6844
[Wed, 01 May 2013 18:24:30 GMT] INFO Code changed, killing 6844, cycling ...
[Wed, 01 May 2013 18:24:30 GMT] INFO Creating 1 worker process.
[Wed, 01 May 2013 18:24:32 GMT] INFO Server worker running in development on port 29765 with a PID of: 7056
[Wed, 01 May 2013 18:25:00 GMT] INFO Code changed, killing 7056, cycling ...
[Wed, 01 May 2013 18:25:00 GMT] INFO Creating 1 worker process.
[Wed, 01 May 2013 18:25:02 GMT] INFO Server worker running in development on port 29765 with a PID of: 7118
[Wed, 01 May 2013 18:25:10 GMT] INFO Code changed, killing 7118, cycling ...
[Wed, 01 May 2013 18:25:10 GMT] INFO Creating 1 worker process.
[Wed, 01 May 2013 18:25:12 GMT] INFO Server worker running in development on port 29765 with a PID of: 7126
[Wed, 01 May 2013 18:26:31 GMT] INFO Code changed, killing 7126, cycling ...
[Wed, 01 May 2013 18:26:31 GMT] INFO Creating 1 worker process.
[Wed, 01 May 2013 18:26:32 GMT] INFO Server worker running in development on port 29765 with a PID of: 7165
[Wed, 01 May 2013 18:26:36 GMT] INFO Code changed, killing 7165, cycling ...
[Wed, 01 May 2013 18:26:36 GMT] INFO Creating 1 worker process.
[Wed, 01 May 2013 18:26:37 GMT] INFO Server worker running in development on port 29765 with a PID of: 7173
