[Tue, 23 Apr 2013 17:13:15 GMT] INFO Server starting with config: {
  "environment": "development",
  "workers": 1,
  "port": 29765,
  "spdy": null,
  "ssl": null,
  "debug": true,
  "rotateWorkers": false,
  "rotationWindow": 7200000,
  "rotationTimeout": 300000,
  "logDir": "/home/ffullenk/desarrollo/edifacillanding/log",
  "gracefulShutdownTimeout": 30000,
  "heartbeatInterval": 5000,
  "heartbeatWindow": 20000,
  "staticFilePath": "/home/ffullenk/desarrollo/edifacillanding/public",
  "sessions": {
    "store": "memory",
    "key": "sid",
    "expiry": 1209600
  },
  "cookieSessionKey": "sdata",
  "metrics": null,
  "i18n": {
    "defaultLocale": "en-us",
    "loadPaths": [
      "/home/ffullenk/desarrollo/edifacillanding/config/locales"
    ]
  },
  "hostname": null,
  "fullHostname": null,
  "connectCompatibility": false,
  "detailedErrors": true,
  "socketIo": true,
  "realtime": true,
  "model": {
    "defaultAdapter": "memory"
  },
  "secret": "UYAjIMm76hf0L17gxUhNoLNBwnXIKKqBfbuOCzzEU1YVw5THF0bHlye8dZ3yQLjT1ZZjEjZQHNTDiTCMWz2h8xnGVb0Vr6n4lFdnDVndoIC1AkhyqSlrzwVG0xJkuhzk"
}
[Tue, 23 Apr 2013 17:13:15 GMT] INFO Creating 1 worker process.
[Tue, 23 Apr 2013 17:13:16 GMT] INFO Server worker running in development on port 29765 with a PID of: 6718
