[Mon, 22 Apr 2013 23:08:15 GMT] INFO Server starting with config: {
  "environment": "production",
  "workers": 2,
  "port": 26998,
  "spdy": null,
  "ssl": null,
  "debug": false,
  "rotateWorkers": true,
  "rotationWindow": 7200000,
  "rotationTimeout": 300000,
  "logDir": "/home/ffullenk/desarrollo/edifacillanding/log",
  "gracefulShutdownTimeout": 30000,
  "heartbeatInterval": 5000,
  "heartbeatWindow": 20000,
  "staticFilePath": "/home/ffullenk/desarrollo/edifacillanding/public",
  "sessions": {
    "store": "cookie",
    "key": "sid",
    "expiry": 1209600
  },
  "cookieSessionKey": "sdata",
  "metrics": null,
  "i18n": {
    "defaultLocale": "en-us",
    "loadPaths": [
      "/home/ffullenk/desarrollo/edifacillanding/config/locales"
    ]
  },
  "hostname": "localhost",
  "fullHostname": "http://localhost:26998",
  "connectCompatibility": false,
  "detailedErrors": false,
  "model": {
    "defaultAdapter": "mongo"
  }
}
[Mon, 22 Apr 2013 23:08:15 GMT] INFO Creating 2 worker processes.
[Mon, 22 Apr 2013 23:08:16 GMT] INFO Server worker running in production on port 26998 with a PID of: 10137
[Mon, 22 Apr 2013 23:08:16 GMT] INFO Server worker running in production on port 26998 with a PID of: 10139
